INFO /home/francis/dev/conda/envs/ogc/bin/cwltool 3.1.20230906142556
INFO Resolved 'algae-usecase-workflow-copernicus.cwl' to 'file:///home/francis/dev/ogc/ogc-ospd/OSPD/algae_usecase/ogc_app_pkg/algae-usecase-workflow-copernicus.cwl'
algae-usecase-workflow-copernicus.cwl:37:3: Warning: checking item
                                            Warning:   Field 'class' contains undefined reference
                                            to 'http://commonwl.org/cwltool#Secrets'
INFO algae-usecase-workflow-copernicus.cwl:37:3: Unknown hint http://commonwl.org/cwltool#Secrets
algae-usecase-workflow-copernicus-process.cwl:46:3: Warning: checking item
                                                    Warning:   Field 'class' contains undefined
                                                    reference to
                                                    'http://commonwl.org/cwltool#Secrets'
INFO algae-usecase-workflow-copernicus-process.cwl:46:3: Unknown hint http://commonwl.org/cwltool#Secrets
download-band-sentinel2-product-safe.cwl:37:3: Warning: checking item
                                               Warning:   Field 'class' contains undefined
                                               reference to 'http://commonwl.org/cwltool#Secrets'
INFO download-band-sentinel2-product-safe.cwl:37:3: Unknown hint http://commonwl.org/cwltool#Secrets
download-band-sentinel2-product-safe.cwl:37:3: Warning: checking item
                                               Warning:   Field 'class' contains undefined
                                               reference to 'http://commonwl.org/cwltool#Secrets'
INFO download-band-sentinel2-product-safe.cwl:37:3: Unknown hint http://commonwl.org/cwltool#Secrets
download-band-sentinel2-product-safe.cwl:37:3: Warning: checking item
                                               Warning:   Field 'class' contains undefined
                                               reference to 'http://commonwl.org/cwltool#Secrets'
INFO download-band-sentinel2-product-safe.cwl:37:3: Unknown hint http://commonwl.org/cwltool#Secrets
download-band-sentinel2-product-safe.cwl:37:3: Warning: checking item
                                               Warning:   Field 'class' contains undefined
                                               reference to 'http://commonwl.org/cwltool#Secrets'
INFO download-band-sentinel2-product-safe.cwl:37:3: Unknown hint http://commonwl.org/cwltool#Secrets
download-band-sentinel2-product-safe.cwl:37:3: Warning: checking item
                                               Warning:   Field 'class' contains undefined
                                               reference to 'http://commonwl.org/cwltool#Secrets'
INFO download-band-sentinel2-product-safe.cwl:37:3: Unknown hint http://commonwl.org/cwltool#Secrets
INFO [workflow ] start
INFO [workflow ] starting step select_products
INFO [step select_products] start
INFO [job select_products] /tmp/fnsdiztj$ docker \
    run \
    -i \
    --mount=type=bind,source=/tmp/fnsdiztj,target=/rVjCmT \
    --mount=type=bind,source=/tmp/63opjdc2,target=/tmp \
    --mount=type=bind,source=/home/francis/dev/ogc/ogc-ospd/OSPD/algae_usecase/ogc_app_pkg/example/algae-usecase-region.geojson,target=/var/lib/cwl/stgff729b6d-5ab4-40bd-b040-09df852c3894/algae-usecase-region.geojson,readonly \
    --workdir=/rVjCmT \
    --read-only=true \
    --log-driver=none \
    --user=1000:1000 \
    --rm \
    --cidfile=/tmp/b1xuyfpw/20240924112914-531561.cid \
    --env=TMPDIR=/tmp \
    --env=HOME=/rVjCmT \
    ogc-ospd/algae-usecase/select-products-sentinel2:1.1.0 \
    --aoi \
    /var/lib/cwl/stgff729b6d-5ab4-40bd-b040-09df852c3894/algae-usecase-region.geojson \
    --catalog \
    copernicus \
    --cloud-cover \
    0.1 \
    --collection \
    SENTINEL-2 \
    --date \
    2019-06-29 \
    --delta \
    4 \
    --product-level \
    L2A > /tmp/fnsdiztj/collection-urls.json
Copernicus Product Search Request:
 https://catalogue.dataspace.copernicus.eu/odata/v1/Products?$filter=OData.CSC.Intersects(area=geography'SRID=4326;POLYGON ((-7.664532 38.543869, -7.689248 38.141037, -7.159228 38.151837, -7.115289 38.554609, -7.664532 38.543869))') and ContentDate/Start gt 2019-06-25T00:00:00Z and ContentDate/Start lt 2019-07-03T00:00:00Z and Collection/Name eq 'SENTINEL-2' and contains(Name,'L2A') and Attributes/OData.CSC.DoubleAttribute/any(att:att/Name eq 'cloudCover' and att/OData.CSC.DoubleAttribute/Value le 0.1)
INFO [job select_products] Max memory used: 25MiB
INFO [job select_products] completed success
INFO [step select_products] completed success
INFO [workflow ] starting step process
INFO [step process] start
INFO [workflow process] start
INFO [workflow process] starting step download_b03_10m
INFO [step download_b03_10m] start
INFO [job download_b03_10m] /tmp/hmxd25wr$ docker \
    run \
    -i \
    --mount=type=bind,source=/tmp/hmxd25wr,target=/rVjCmT \
    --mount=type=bind,source=/tmp/8tpidic6,target=/tmp \
    --workdir=/rVjCmT \
    --read-only=true \
    --user=1000:1000 \
    --rm \
    --cidfile=/tmp/h7jjd__j/20240924112916-489027.cid \
    --env=TMPDIR=/tmp \
    --env=HOME=/rVjCmT \
    ogc-ospd/algae-usecase/download-band-sentinel2-product-safe:1.1.0 \
    --band \
    B03 \
    --s3-product-url \
    s3:///eodata/Sentinel-2/MSI/L2A/2019/07/01/S2A_MSIL2A_20190701T110621_N0212_R137_T29SPC_20190701T120906.SAFE \
    --resolution \
    10m \
    --s3-access-key \
    '(secret-957e39de-9cca-46cf-a113-6c298fa7d425)' \
    --s3-secret-key \
    '(secret-62168882-dd77-4873-97b3-5f388f92dc17)'
/rVjCmT/T29SPC_20190701T110621_B03_10m.jp2
INFO [job download_b03_10m] Max memory used: 33MiB
INFO [job download_b03_10m] completed success
INFO [step download_b03_10m] completed success
INFO [workflow process] starting step download_b04_10m
INFO [step download_b04_10m] start
INFO [job download_b04_10m] /tmp/26v4523o$ docker \
    run \
    -i \
    --mount=type=bind,source=/tmp/26v4523o,target=/rVjCmT \
    --mount=type=bind,source=/tmp/pms5434b,target=/tmp \
    --workdir=/rVjCmT \
    --read-only=true \
    --user=1000:1000 \
    --rm \
    --cidfile=/tmp/nibkujec/20240924112942-391312.cid \
    --env=TMPDIR=/tmp \
    --env=HOME=/rVjCmT \
    ogc-ospd/algae-usecase/download-band-sentinel2-product-safe:1.1.0 \
    --band \
    B04 \
    --s3-product-url \
    s3:///eodata/Sentinel-2/MSI/L2A/2019/07/01/S2A_MSIL2A_20190701T110621_N0212_R137_T29SPC_20190701T120906.SAFE \
    --resolution \
    10m \
    --s3-access-key \
    '(secret-957e39de-9cca-46cf-a113-6c298fa7d425)' \
    --s3-secret-key \
    '(secret-62168882-dd77-4873-97b3-5f388f92dc17)'
/rVjCmT/T29SPC_20190701T110621_B04_10m.jp2
INFO [job download_b04_10m] Max memory used: 33MiB
INFO [job download_b04_10m] completed success
INFO [step download_b04_10m] completed success
INFO [workflow process] starting step download_b02_10m
INFO [step download_b02_10m] start
INFO [job download_b02_10m] /tmp/1xt4dvw3$ docker \
    run \
    -i \
    --mount=type=bind,source=/tmp/1xt4dvw3,target=/rVjCmT \
    --mount=type=bind,source=/tmp/jmipbo0q,target=/tmp \
    --workdir=/rVjCmT \
    --read-only=true \
    --user=1000:1000 \
    --rm \
    --cidfile=/tmp/9pyhb73d/20240924113012-882369.cid \
    --env=TMPDIR=/tmp \
    --env=HOME=/rVjCmT \
    ogc-ospd/algae-usecase/download-band-sentinel2-product-safe:1.1.0 \
    --band \
    B02 \
    --s3-product-url \
    s3:///eodata/Sentinel-2/MSI/L2A/2019/07/01/S2A_MSIL2A_20190701T110621_N0212_R137_T29SPC_20190701T120906.SAFE \
    --resolution \
    10m \
    --s3-access-key \
    '(secret-957e39de-9cca-46cf-a113-6c298fa7d425)' \
    --s3-secret-key \
    '(secret-62168882-dd77-4873-97b3-5f388f92dc17)'
/rVjCmT/T29SPC_20190701T110621_B02_10m.jp2
INFO [job download_b02_10m] Max memory used: 33MiB
INFO [job download_b02_10m] completed success
INFO [step download_b02_10m] completed success
INFO [workflow process] starting step download_b01_60m
INFO [step download_b01_60m] start
INFO [job download_b01_60m] /tmp/qk5npig5$ docker \
    run \
    -i \
    --mount=type=bind,source=/tmp/qk5npig5,target=/rVjCmT \
    --mount=type=bind,source=/tmp/5vyc5zy4,target=/tmp \
    --workdir=/rVjCmT \
    --read-only=true \
    --user=1000:1000 \
    --rm \
    --cidfile=/tmp/qmsrmwuu/20240924113039-967937.cid \
    --env=TMPDIR=/tmp \
    --env=HOME=/rVjCmT \
    ogc-ospd/algae-usecase/download-band-sentinel2-product-safe:1.1.0 \
    --band \
    B01 \
    --s3-product-url \
    s3:///eodata/Sentinel-2/MSI/L2A/2019/07/01/S2A_MSIL2A_20190701T110621_N0212_R137_T29SPC_20190701T120906.SAFE \
    --resolution \
    60m \
    --s3-access-key \
    '(secret-957e39de-9cca-46cf-a113-6c298fa7d425)' \
    --s3-secret-key \
    '(secret-62168882-dd77-4873-97b3-5f388f92dc17)'
/rVjCmT/T29SPC_20190701T110621_B01_60m.jp2
INFO [job download_b01_60m] Max memory used: 29MiB
INFO [job download_b01_60m] completed success
INFO [step download_b01_60m] completed success
INFO [workflow process] starting step download_b03_60m
INFO [step download_b03_60m] start
INFO [job download_b03_60m] /tmp/6on9z6ky$ docker \
    run \
    -i \
    --mount=type=bind,source=/tmp/6on9z6ky,target=/rVjCmT \
    --mount=type=bind,source=/tmp/n5_emd0v,target=/tmp \
    --workdir=/rVjCmT \
    --read-only=true \
    --user=1000:1000 \
    --rm \
    --cidfile=/tmp/yrmpmrr7/20240924113043-927193.cid \
    --env=TMPDIR=/tmp \
    --env=HOME=/rVjCmT \
    ogc-ospd/algae-usecase/download-band-sentinel2-product-safe:1.1.0 \
    --band \
    B03 \
    --s3-product-url \
    s3:///eodata/Sentinel-2/MSI/L2A/2019/07/01/S2A_MSIL2A_20190701T110621_N0212_R137_T29SPC_20190701T120906.SAFE \
    --resolution \
    60m \
    --s3-access-key \
    '(secret-957e39de-9cca-46cf-a113-6c298fa7d425)' \
    --s3-secret-key \
    '(secret-62168882-dd77-4873-97b3-5f388f92dc17)'
/rVjCmT/T29SPC_20190701T110621_B03_60m.jp2
INFO [job download_b03_60m] Max memory used: 31MiB
INFO [job download_b03_60m] completed success
INFO [step download_b03_60m] completed success
INFO [workflow process] starting step calculate_turbidity
INFO [step calculate_turbidity] start
INFO [job calculate_turbidity] /tmp/_vxc6pbf$ docker \
    run \
    -i \
    --mount=type=bind,source=/tmp/_vxc6pbf,target=/rVjCmT \
    --mount=type=bind,source=/tmp/y02jyohy,target=/tmp \
    --mount=type=bind,source=/tmp/qk5npig5/T29SPC_20190701T110621_B01_60m.jp2,target=/var/lib/cwl/stgd69dd662-ebd3-43ae-9d1b-3be0d116bbca/T29SPC_20190701T110621_B01_60m.jp2,readonly \
    --mount=type=bind,source=/tmp/6on9z6ky/T29SPC_20190701T110621_B03_60m.jp2,target=/var/lib/cwl/stgb0809dfa-6055-498f-978c-b6f8c68847bd/T29SPC_20190701T110621_B03_60m.jp2,readonly \
    --workdir=/rVjCmT \
    --read-only=true \
    --net=none \
    --user=1000:1000 \
    --rm \
    --cidfile=/tmp/blde_1xg/20240924113051-674367.cid \
    --env=TMPDIR=/tmp \
    --env=HOME=/rVjCmT \
    ogc-ospd/algae-usecase/calculate-band:1.1.0 \
    --co \
    TILED=YES \
    --overwrite \
    --type \
    Float32 \
    -A \
    /var/lib/cwl/stgd69dd662-ebd3-43ae-9d1b-3be0d116bbca/T29SPC_20190701T110621_B01_60m.jp2 \
    -C \
    /var/lib/cwl/stgb0809dfa-6055-498f-978c-b6f8c68847bd/T29SPC_20190701T110621_B03_60m.jp2 \
    --calc \
    '(8.93*(C/A))-6.39' \
    --outfile \
    S2A_MSIL2A_20190701T110621_N0212_R137_T29SPC_20190701T120906_turbidity.tiff
<string>:1: RuntimeWarning: invalid value encountered in divide
0.. 1.. 2.. 3.. 4.. 5.. 6.. 7.. 8.. 9.. 10.. 11.. 12.. 13.. 14.. 15.. 16.. 17.. 18.. 19.. 20.. 21.. 22.. 23.. 24.. 25.. 26.. 27.. 28.. 29.. 30.. 31.. 32.. 33.. 34.. 35.. 36.. 37.. 38.. 39.. 40.. 41.. 42.. 43.. 44.. 45.. 46.. 47.. 48.. 49.. 50.. 51.. 52.. 53.. 54.. 55.. 56.. 57.. 58.. 59.. 60.. 61.. 62.. 63.. 64.. 65.. 66.. 67.. 68.. 69.. 70.. 71.. 72.. 73.. 74.. 75.. 76.. 77.. 78.. 79.. 80.. 81.. 82.. 83.. 84.. 85.. 86.. 87.. 88.. 89.. 90.. 91.. 92.. 93.. 94.. 95.. 96.. 97.. 98.. 99.. 100 - Done
INFO [job calculate_turbidity] Max memory used: 47MiB
INFO [job calculate_turbidity] completed success
INFO [step calculate_turbidity] completed success
INFO [workflow process] starting step calculate_cyanobacteria
INFO [step calculate_cyanobacteria] start
INFO [job calculate_cyanobacteria] /tmp/ow4lza4l$ docker \
    run \
    -i \
    --mount=type=bind,source=/tmp/ow4lza4l,target=/rVjCmT \
    --mount=type=bind,source=/tmp/9u_reyh9,target=/tmp \
    --mount=type=bind,source=/tmp/1xt4dvw3/T29SPC_20190701T110621_B02_10m.jp2,target=/var/lib/cwl/stgc6ccfd2c-4a02-41e9-b1b0-779acbfd28d7/T29SPC_20190701T110621_B02_10m.jp2,readonly \
    --mount=type=bind,source=/tmp/hmxd25wr/T29SPC_20190701T110621_B03_10m.jp2,target=/var/lib/cwl/stg60797258-a845-4e66-a662-a779b4688b12/T29SPC_20190701T110621_B03_10m.jp2,readonly \
    --mount=type=bind,source=/tmp/26v4523o/T29SPC_20190701T110621_B04_10m.jp2,target=/var/lib/cwl/stg66768bd6-1dd5-456b-b86e-74ed53fc9be6/T29SPC_20190701T110621_B04_10m.jp2,readonly \
    --workdir=/rVjCmT \
    --read-only=true \
    --net=none \
    --user=1000:1000 \
    --rm \
    --cidfile=/tmp/kqulacss/20240924113053-451044.cid \
    --env=TMPDIR=/tmp \
    --env=HOME=/rVjCmT \
    ogc-ospd/algae-usecase/calculate-band:1.1.0 \
    --co \
    TILED=YES \
    --overwrite \
    --type \
    Float32 \
    -A \
    /var/lib/cwl/stgc6ccfd2c-4a02-41e9-b1b0-779acbfd28d7/T29SPC_20190701T110621_B02_10m.jp2 \
    -B \
    /var/lib/cwl/stg60797258-a845-4e66-a662-a779b4688b12/T29SPC_20190701T110621_B03_10m.jp2 \
    -C \
    /var/lib/cwl/stg66768bd6-1dd5-456b-b86e-74ed53fc9be6/T29SPC_20190701T110621_B04_10m.jp2 \
    --calc \
    '115530.31*(((B.astype(float)*C.astype(float))/A.astype(float))**2.38)' \
    --outfile \
    S2A_MSIL2A_20190701T110621_N0212_R137_T29SPC_20190701T120906_cyanobacteria.tiff
<string>:1: RuntimeWarning: invalid value encountered in divide
0.. 0.. 1.. 2.. 3.. 4.. 4.. 5.. 6.. 7.. 8.. 9.. 9.. 10.. 11.. 12.. 13.. 14.. 14.. 15.. 16.. 17.. 18.. 19.. 19.. 20.. 21.. 22.. 23.. 23.. 24.. 25.. 26.. 27.. 28.. 28.. 29.. 30.. 31.. 32.. 33.. 33.. 34.. 35.. 36.. 37.. 38.. 38.. 39.. 40.. 41.. 42.. 42.. 43.. 44.. 45.. 46.. 47.. 47.. 48.. 49.. 50.. 51.. 52.. 52.. 53.. 54.. 55.. 56.. 57.. 57.. 58.. 59.. 60.. 61.. 61.. 62.. 63.. 64.. 65.. 66.. 66.. 67.. 68.. 69.. 70.. 71.. 71.. 72.. 73.. 74.. 75.. 76.. 76.. 77.. 78.. 79.. 80.. 80.. 81.. 82.. 83.. 84.. 85.. 85.. 86.. 87.. 88.. 89.. 90.. 90.. 91.. 92.. 93.. 94.. 95.. 95.. 96.. 97.. 98.. 99.. 100 - Done
INFO [job calculate_cyanobacteria] Max memory used: 1077MiB
INFO [job calculate_cyanobacteria] completed success
INFO [step calculate_cyanobacteria] completed success
INFO [workflow process] starting step calculate_chlorophyll_a
INFO [step calculate_chlorophyll_a] start
INFO [job calculate_chlorophyll_a] /tmp/_r5z_3_j$ docker \
    run \
    -i \
    --mount=type=bind,source=/tmp/_r5z_3_j,target=/rVjCmT \
    --mount=type=bind,source=/tmp/htloj4g2,target=/tmp \
    --mount=type=bind,source=/tmp/qk5npig5/T29SPC_20190701T110621_B01_60m.jp2,target=/var/lib/cwl/stg4774b455-c597-4d70-bb00-ac381f5a4013/T29SPC_20190701T110621_B01_60m.jp2,readonly \
    --mount=type=bind,source=/tmp/6on9z6ky/T29SPC_20190701T110621_B03_60m.jp2,target=/var/lib/cwl/stg0ecf96aa-7fbf-4192-9f33-d8286c4092c5/T29SPC_20190701T110621_B03_60m.jp2,readonly \
    --workdir=/rVjCmT \
    --read-only=true \
    --net=none \
    --user=1000:1000 \
    --rm \
    --cidfile=/tmp/a2cm2se1/20240924113111-225570.cid \
    --env=TMPDIR=/tmp \
    --env=HOME=/rVjCmT \
    ogc-ospd/algae-usecase/calculate-band:1.1.0 \
    --co \
    TILED=YES \
    --overwrite \
    --type \
    Float32 \
    -A \
    /var/lib/cwl/stg4774b455-c597-4d70-bb00-ac381f5a4013/T29SPC_20190701T110621_B01_60m.jp2 \
    -C \
    /var/lib/cwl/stg0ecf96aa-7fbf-4192-9f33-d8286c4092c5/T29SPC_20190701T110621_B03_60m.jp2 \
    --calc \
    '4.26*((C/A)**3.94)' \
    --outfile \
    S2A_MSIL2A_20190701T110621_N0212_R137_T29SPC_20190701T120906_chlorophyll_a.tiff
<string>:1: RuntimeWarning: invalid value encountered in divide
0.. 1.. 2.. 3.. 4.. 5.. 6.. 7.. 8.. 9.. 10.. 11.. 12.. 13.. 14.. 15.. 16.. 17.. 18.. 19.. 20.. 21.. 22.. 23.. 24.. 25.. 26.. 27.. 28.. 29.. 30.. 31.. 32.. 33.. 34.. 35.. 36.. 37.. 38.. 39.. 40.. 41.. 42.. 43.. 44.. 45.. 46.. 47.. 48.. 49.. 50.. 51.. 52.. 53.. 54.. 55.. 56.. 57.. 58.. 59.. 60.. 61.. 62.. 63.. 64.. 65.. 66.. 67.. 68.. 69.. 70.. 71.. 72.. 73.. 74.. 75.. 76.. 77.. 78.. 79.. 80.. 81.. 82.. 83.. 84.. 85.. 86.. 87.. 88.. 89.. 90.. 91.. 92.. 93.. 94.. 95.. 96.. 97.. 98.. 99.. 100 - Done
INFO [job calculate_chlorophyll_a] Max memory used: 43MiB
INFO [job calculate_chlorophyll_a] completed success
INFO [step calculate_chlorophyll_a] completed success
INFO [workflow process] starting step plot_turbidity
INFO [step plot_turbidity] start
INFO [job plot_turbidity] /tmp/z1f6par5$ docker \
    run \
    -i \
    --mount=type=bind,source=/tmp/z1f6par5,target=/rVjCmT \
    --mount=type=bind,source=/tmp/d_t6sbxp,target=/tmp \
    --mount=type=bind,source=/tmp/_vxc6pbf/S2A_MSIL2A_20190701T110621_N0212_R137_T29SPC_20190701T120906_turbidity.tiff,target=/var/lib/cwl/stge9c208f7-f4c7-439a-927e-479a54e5ac04/S2A_MSIL2A_20190701T110621_N0212_R137_T29SPC_20190701T120906_turbidity.tiff,readonly \
    --workdir=/rVjCmT \
    --read-only=true \
    --net=none \
    --user=1000:1000 \
    --rm \
    --cidfile=/tmp/ps5earcw/20240924113113-003123.cid \
    --env=TMPDIR=/tmp \
    --env=HOME=/rVjCmT \
    ogc-ospd/algae-usecase/plot-image:1.0.0 \
    --color-scale \
    '[
  [0,  [ 73, 111, 242] ],
  [4,  [130, 211,  95] ],
  [8,  [254, 253,   5] ],
  [12, [253,   0,   4] ],
  [16, [142,  32,  38] ],
  [20, [217, 124, 245] ]
]
' \
    --input-image \
    /var/lib/cwl/stge9c208f7-f4c7-439a-927e-479a54e5ac04/S2A_MSIL2A_20190701T110621_N0212_R137_T29SPC_20190701T120906_turbidity.tiff \
    --output-name \
    S2A_MSIL2A_20190701T110621_N0212_R137_T29SPC_20190701T120906_turbidity_color \
    --plot-name \
    S2A_MSIL2A_20190701T110621_N0212_R137_T29SPC_20190701T120906_turbidity_plot \
    --plot-title \
    Turbidity
nodata value: 3.4028234663852886e+38
nodata count: 0
Data range: -3.6987671852111816 to 114.25254821777344
Clip values below minimum: None (except 'nodata')
Clip values above maximum: None (except 'nodata')
Normalized Color Scales: [
  [
    0.03135842252012383,
    [
      0.28627450980392155,
      0.43529411764705883,
      0.9490196078431372,
      1
    ]
  ],
  [
    0.06527071918535275,
    [
      0.5098039215686274,
      0.8274509803921568,
      0.37254901960784315,
      1
    ]
  ],
  [
    0.09918301585058167,
    [
      0.996078431372549,
      0.9921568627450981,
      0.0196078431372549,
      1
    ]
  ],
  [
    0.13309531251581058,
    [
      0.9921568627450981,
      0.0,
      0.01568627450980392,
      1
    ]
  ],
  [
    0.16700760918103952,
    [
      0.5568627450980392,
      0.12549019607843137,
      0.14901960784313725,
      1
    ]
  ],
  [
    0.20091990584626843,
    [
      0.8509803921568627,
      0.48627450980392156,
      0.9607843137254902,
      1
    ]
  ],
  [
    2.884938972286514e+36,
    [
      0,
      0,
      0,
      0
    ]
  ]
]
INFO [job plot_turbidity] Max memory used: 247MiB
INFO [job plot_turbidity] completed success
INFO [step plot_turbidity] completed success
INFO [workflow process] starting step plot_chlorophyll_a
INFO [step plot_chlorophyll_a] start
INFO [job plot_chlorophyll_a] /tmp/lxdvsjb6$ docker \
    run \
    -i \
    --mount=type=bind,source=/tmp/lxdvsjb6,target=/rVjCmT \
    --mount=type=bind,source=/tmp/00rjj0r4,target=/tmp \
    --mount=type=bind,source=/tmp/_r5z_3_j/S2A_MSIL2A_20190701T110621_N0212_R137_T29SPC_20190701T120906_chlorophyll_a.tiff,target=/var/lib/cwl/stgc28f9e18-cc69-43c9-8e9f-4e6b547e5927/S2A_MSIL2A_20190701T110621_N0212_R137_T29SPC_20190701T120906_chlorophyll_a.tiff,readonly \
    --workdir=/rVjCmT \
    --read-only=true \
    --net=none \
    --user=1000:1000 \
    --rm \
    --cidfile=/tmp/k_6u4bah/20240924113114-734838.cid \
    --env=TMPDIR=/tmp \
    --env=HOME=/rVjCmT \
    ogc-ospd/algae-usecase/plot-image:1.0.0 \
    --color-scale \
    '[
  [0,  [ 73, 111, 242] ],
  [6,  [130, 211,  95] ],
  [12, [254, 253,   5] ],
  [20, [253,   0,   4] ],
  [30, [142,  32,  38] ],
  [50, [217, 124, 245] ]
]
' \
    --input-image \
    /var/lib/cwl/stgc28f9e18-cc69-43c9-8e9f-4e6b547e5927/S2A_MSIL2A_20190701T110621_N0212_R137_T29SPC_20190701T120906_chlorophyll_a.tiff \
    --output-name \
    S2A_MSIL2A_20190701T110621_N0212_R137_T29SPC_20190701T120906_chlorophyll_a_color \
    --plot-name \
    S2A_MSIL2A_20190701T110621_N0212_R137_T29SPC_20190701T120906_chlorophyll_a_plot \
    --plot-title \
    'Chlorophyll a'
nodata value: 3.4028234663852886e+38
nodata count: 0
Data range: 0.03776268661022186 to 121385.5078125
Clip values below minimum: None (except 'nodata')
Clip values above maximum: None (except 'nodata')
Normalized Color Scales: [
  [
    -3.1109725566597925e-07,
    [
      0.28627450980392155,
      0.43529411764705883,
      0.9490196078431372,
      1
    ]
  ],
  [
    4.911821250882032e-05,
    [
      0.5098039215686274,
      0.8274509803921568,
      0.37254901960784315,
      1
    ]
  ],
  [
    9.854752227330661e-05,
    [
      0.996078431372549,
      0.9921568627450981,
      0.0196078431372549,
      1
    ]
  ],
  [
    0.000164453268625955,
    [
      0.9921568627450981,
      0.0,
      0.01568627450980392,
      1
    ]
  ],
  [
    0.0002468354515667655,
    [
      0.5568627450980392,
      0.12549019607843137,
      0.14901960784313725,
      1
    ]
  ],
  [
    0.0004115998174483865,
    [
      0.8509803921568627,
      0.48627450980392156,
      0.9607843137254902,
      1
    ]
  ],
  [
    2.8033202532303576e+33,
    [
      0,
      0,
      0,
      0
    ]
  ]
]
INFO [job plot_chlorophyll_a] Max memory used: 0MiB
INFO [job plot_chlorophyll_a] completed success
INFO [step plot_chlorophyll_a] completed success
INFO [workflow process] starting step plot_cyanobacteria
INFO [step plot_cyanobacteria] start
INFO [job plot_cyanobacteria] /tmp/5y0lbnof$ docker \
    run \
    -i \
    --mount=type=bind,source=/tmp/5y0lbnof,target=/rVjCmT \
    --mount=type=bind,source=/tmp/540391u4,target=/tmp \
    --mount=type=bind,source=/tmp/ow4lza4l/S2A_MSIL2A_20190701T110621_N0212_R137_T29SPC_20190701T120906_cyanobacteria.tiff,target=/var/lib/cwl/stg51c6e72a-99c1-4d98-953d-1e69c41cc7b1/S2A_MSIL2A_20190701T110621_N0212_R137_T29SPC_20190701T120906_cyanobacteria.tiff,readonly \
    --workdir=/rVjCmT \
    --read-only=true \
    --net=none \
    --user=1000:1000 \
    --rm \
    --cidfile=/tmp/u6oow5gs/20240924113116-172277.cid \
    --env=TMPDIR=/tmp \
    --env=HOME=/rVjCmT \
    ogc-ospd/algae-usecase/plot-image:1.0.0 \
    --clip-max \
    100000000000000 \
    --clip-min \
    1000000 \
    --color-scale \
    '[
  [1E6,  [ 18,  28,  60] ],
  [1E7,  [ 73, 111, 242] ],
  [1E8,  [130, 211,  95] ],
  [1E9,  [254, 253,   5] ],
  [1E10, [253,   0,   4] ],
  [1E11, [142,  32,  38] ],
  [1E12, [111, 63,  125] ],
  [1E13, [ 58,   6,   3] ],
  [1E14, [ 18,  28,  60] ]
]
' \
    --input-image \
    /var/lib/cwl/stg51c6e72a-99c1-4d98-953d-1e69c41cc7b1/S2A_MSIL2A_20190701T110621_N0212_R137_T29SPC_20190701T120906_cyanobacteria.tiff \
    --output-name \
    S2A_MSIL2A_20190701T110621_N0212_R137_T29SPC_20190701T120906_cyanobacteria_color \
    --plot-name \
    S2A_MSIL2A_20190701T110621_N0212_R137_T29SPC_20190701T120906_cyanobacteria_plot \
    --plot-title \
    Cyanobacteria
nodata value: 3.4028234663852886e+38
nodata count: 0
Data range: 55574.21484375 to 3.1049102259696697e+19
Clip values below minimum: 1000000.0 (except 'nodata')
Clip values above maximum: 100000000000000.0 (except 'nodata')
Normalized Color Scales: [
  [
    0.0,
    [
      0.07058823529411765,
      0.10980392156862745,
      0.23529411764705882,
      1
    ]
  ],
  [
    9.000000090000001e-08,
    [
      0.28627450980392155,
      0.43529411764705883,
      0.9490196078431372,
      1
    ]
  ],
  [
    9.900000099e-07,
    [
      0.5098039215686274,
      0.8274509803921568,
      0.37254901960784315,
      1
    ]
  ],
  [
    9.990000099900002e-06,
    [
      0.996078431372549,
      0.9921568627450981,
      0.0196078431372549,
      1
    ]
  ],
  [
    9.999000099990002e-05,
    [
      0.9921568627450981,
      0.0,
      0.01568627450980392,
      1
    ]
  ],
  [
    0.0009999900099999,
    [
      0.5568627450980392,
      0.12549019607843137,
      0.14901960784313725,
      1
    ]
  ],
  [
    0.009999990099999901,
    [
      0.43529411764705883,
      0.24705882352941178,
      0.49019607843137253,
      1
    ]
  ],
  [
    0.09999999099999991,
    [
      0.22745098039215686,
      0.023529411764705882,
      0.011764705882352941,
      1
    ]
  ],
  [
    1.0,
    [
      0.07058823529411765,
      0.10980392156862745,
      0.23529411764705882,
      1
    ]
  ],
  [
    3.4028235004135235e+24,
    [
      0,
      0,
      0,
      0
    ]
  ]
]
INFO [job plot_cyanobacteria] Max memory used: 11975MiB
INFO [job plot_cyanobacteria] completed success
INFO [step plot_cyanobacteria] completed success
INFO [workflow process] completed success
INFO [step process] start
INFO [workflow process_2] start
INFO [workflow process_2] starting step download_b03_10m_2
INFO [step download_b03_10m_2] start
INFO [job download_b03_10m_2] /tmp/h2bm8ot_$ docker \
    run \
    -i \
    --mount=type=bind,source=/tmp/h2bm8ot_,target=/rVjCmT \
    --mount=type=bind,source=/tmp/tw2189ae,target=/tmp \
    --workdir=/rVjCmT \
    --read-only=true \
    --user=1000:1000 \
    --rm \
    --cidfile=/tmp/asl4p3hh/20240924113148-856616.cid \
    --env=TMPDIR=/tmp \
    --env=HOME=/rVjCmT \
    ogc-ospd/algae-usecase/download-band-sentinel2-product-safe:1.1.0 \
    --band \
    B03 \
    --s3-product-url \
    s3:///eodata/Sentinel-2/MSI/L2A_N0500/2019/07/01/S2A_MSIL2A_20190701T110621_N0500_R137_T29SPC_20230604T023542.SAFE \
    --resolution \
    10m \
    --s3-access-key \
    '(secret-957e39de-9cca-46cf-a113-6c298fa7d425)' \
    --s3-secret-key \
    '(secret-62168882-dd77-4873-97b3-5f388f92dc17)'
/rVjCmT/T29SPC_20190701T110621_B03_10m.jp2
INFO [job download_b03_10m_2] Max memory used: 39MiB
INFO [job download_b03_10m_2] completed success
INFO [step download_b03_10m_2] completed success
INFO [workflow process_2] starting step download_b04_10m_2
INFO [step download_b04_10m_2] start
INFO [job download_b04_10m_2] /tmp/4mrnjuna$ docker \
    run \
    -i \
    --mount=type=bind,source=/tmp/4mrnjuna,target=/rVjCmT \
    --mount=type=bind,source=/tmp/zp_7ljun,target=/tmp \
    --workdir=/rVjCmT \
    --read-only=true \
    --user=1000:1000 \
    --rm \
    --cidfile=/tmp/kixij75l/20240924113206-252059.cid \
    --env=TMPDIR=/tmp \
    --env=HOME=/rVjCmT \
    ogc-ospd/algae-usecase/download-band-sentinel2-product-safe:1.1.0 \
    --band \
    B04 \
    --s3-product-url \
    s3:///eodata/Sentinel-2/MSI/L2A_N0500/2019/07/01/S2A_MSIL2A_20190701T110621_N0500_R137_T29SPC_20230604T023542.SAFE \
    --resolution \
    10m \
    --s3-access-key \
    '(secret-957e39de-9cca-46cf-a113-6c298fa7d425)' \
    --s3-secret-key \
    '(secret-62168882-dd77-4873-97b3-5f388f92dc17)'
/rVjCmT/T29SPC_20190701T110621_B04_10m.jp2
INFO [job download_b04_10m_2] Max memory used: 33MiB
INFO [job download_b04_10m_2] completed success
INFO [step download_b04_10m_2] completed success
INFO [workflow process_2] starting step download_b02_10m_2
INFO [step download_b02_10m_2] start
INFO [job download_b02_10m_2] /tmp/0efagb64$ docker \
    run \
    -i \
    --mount=type=bind,source=/tmp/0efagb64,target=/rVjCmT \
    --mount=type=bind,source=/tmp/hyjyomhc,target=/tmp \
    --workdir=/rVjCmT \
    --read-only=true \
    --user=1000:1000 \
    --rm \
    --cidfile=/tmp/2q8p28s0/20240924113229-917160.cid \
    --env=TMPDIR=/tmp \
    --env=HOME=/rVjCmT \
    ogc-ospd/algae-usecase/download-band-sentinel2-product-safe:1.1.0 \
    --band \
    B02 \
    --s3-product-url \
    s3:///eodata/Sentinel-2/MSI/L2A_N0500/2019/07/01/S2A_MSIL2A_20190701T110621_N0500_R137_T29SPC_20230604T023542.SAFE \
    --resolution \
    10m \
    --s3-access-key \
    '(secret-957e39de-9cca-46cf-a113-6c298fa7d425)' \
    --s3-secret-key \
    '(secret-62168882-dd77-4873-97b3-5f388f92dc17)'
/rVjCmT/T29SPC_20190701T110621_B02_10m.jp2
INFO [job download_b02_10m_2] Max memory used: 33MiB
INFO [job download_b02_10m_2] completed success
INFO [step download_b02_10m_2] completed success
INFO [workflow process_2] starting step download_b01_60m_2
INFO [step download_b01_60m_2] start
INFO [job download_b01_60m_2] /tmp/1t4pyqae$ docker \
    run \
    -i \
    --mount=type=bind,source=/tmp/1t4pyqae,target=/rVjCmT \
    --mount=type=bind,source=/tmp/b5okwwfg,target=/tmp \
    --workdir=/rVjCmT \
    --read-only=true \
    --user=1000:1000 \
    --rm \
    --cidfile=/tmp/tkpy45rq/20240924113243-000408.cid \
    --env=TMPDIR=/tmp \
    --env=HOME=/rVjCmT \
    ogc-ospd/algae-usecase/download-band-sentinel2-product-safe:1.1.0 \
    --band \
    B01 \
    --s3-product-url \
    s3:///eodata/Sentinel-2/MSI/L2A_N0500/2019/07/01/S2A_MSIL2A_20190701T110621_N0500_R137_T29SPC_20230604T023542.SAFE \
    --resolution \
    60m \
    --s3-access-key \
    '(secret-957e39de-9cca-46cf-a113-6c298fa7d425)' \
    --s3-secret-key \
    '(secret-62168882-dd77-4873-97b3-5f388f92dc17)'
/rVjCmT/T29SPC_20190701T110621_B01_60m.jp2
INFO [job download_b01_60m_2] Max memory used: 29MiB
INFO [job download_b01_60m_2] completed success
INFO [step download_b01_60m_2] completed success
INFO [workflow process_2] starting step download_b03_60m_2
INFO [step download_b03_60m_2] start
INFO [job download_b03_60m_2] /tmp/lh886gkc$ docker \
    run \
    -i \
    --mount=type=bind,source=/tmp/lh886gkc,target=/rVjCmT \
    --mount=type=bind,source=/tmp/3859r0fu,target=/tmp \
    --workdir=/rVjCmT \
    --read-only=true \
    --user=1000:1000 \
    --rm \
    --cidfile=/tmp/a2wmexj9/20240924113247-236881.cid \
    --env=TMPDIR=/tmp \
    --env=HOME=/rVjCmT \
    ogc-ospd/algae-usecase/download-band-sentinel2-product-safe:1.1.0 \
    --band \
    B03 \
    --s3-product-url \
    s3:///eodata/Sentinel-2/MSI/L2A_N0500/2019/07/01/S2A_MSIL2A_20190701T110621_N0500_R137_T29SPC_20230604T023542.SAFE \
    --resolution \
    60m \
    --s3-access-key \
    '(secret-957e39de-9cca-46cf-a113-6c298fa7d425)' \
    --s3-secret-key \
    '(secret-62168882-dd77-4873-97b3-5f388f92dc17)'
/rVjCmT/T29SPC_20190701T110621_B03_60m.jp2
INFO [job download_b03_60m_2] Max memory used: 29MiB
INFO [job download_b03_60m_2] completed success
INFO [step download_b03_60m_2] completed success
INFO [workflow process_2] starting step calculate_turbidity_2
INFO [step calculate_turbidity_2] start
INFO [job calculate_turbidity_2] /tmp/gvyeviiv$ docker \
    run \
    -i \
    --mount=type=bind,source=/tmp/gvyeviiv,target=/rVjCmT \
    --mount=type=bind,source=/tmp/ze7g9v4k,target=/tmp \
    --mount=type=bind,source=/tmp/1t4pyqae/T29SPC_20190701T110621_B01_60m.jp2,target=/var/lib/cwl/stgc7420b70-30c3-4c2e-a34b-b8efe7654c94/T29SPC_20190701T110621_B01_60m.jp2,readonly \
    --mount=type=bind,source=/tmp/lh886gkc/T29SPC_20190701T110621_B03_60m.jp2,target=/var/lib/cwl/stgbbae223c-6161-4b9d-b437-6c20c439b22a/T29SPC_20190701T110621_B03_60m.jp2,readonly \
    --workdir=/rVjCmT \
    --read-only=true \
    --net=none \
    --user=1000:1000 \
    --rm \
    --cidfile=/tmp/7ni2aquu/20240924113250-993864.cid \
    --env=TMPDIR=/tmp \
    --env=HOME=/rVjCmT \
    ogc-ospd/algae-usecase/calculate-band:1.1.0 \
    --co \
    TILED=YES \
    --overwrite \
    --type \
    Float32 \
    -A \
    /var/lib/cwl/stgc7420b70-30c3-4c2e-a34b-b8efe7654c94/T29SPC_20190701T110621_B01_60m.jp2 \
    -C \
    /var/lib/cwl/stgbbae223c-6161-4b9d-b437-6c20c439b22a/T29SPC_20190701T110621_B03_60m.jp2 \
    --calc \
    '(8.93*(C/A))-6.39' \
    --outfile \
    S2A_MSIL2A_20190701T110621_N0500_R137_T29SPC_20230604T023542_turbidity.tiff
<string>:1: RuntimeWarning: invalid value encountered in divide
<string>:1: RuntimeWarning: divide by zero encountered in divide
0.. 1.. 2.. 3.. 4.. 5.. 6.. 7.. 8.. 9.. 10.. 11.. 12.. 13.. 14.. 15.. 16.. 17.. 18.. 19.. 20.. 21.. 22.. 23.. 24.. 25.. 26.. 27.. 28.. 29.. 30.. 31.. 32.. 33.. 34.. 35.. 36.. 37.. 38.. 39.. 40.. 41.. 42.. 43.. 44.. 45.. 46.. 47.. 48.. 49.. 50.. 51.. 52.. 53.. 54.. 55.. 56.. 57.. 58.. 59.. 60.. 61.. 62.. 63.. 64.. 65.. 66.. 67.. 68.. 69.. 70.. 71.. 72.. 73.. 74.. 75.. 76.. 77.. 78.. 79.. 80.. 81.. 82.. 83.. 84.. 85.. 86.. 87.. 88.. 89.. 90.. 91.. 92.. 93.. 94.. 95.. 96.. 97.. 98.. 99.. 100 - Done
INFO [job calculate_turbidity_2] Max memory used: 49MiB
INFO [job calculate_turbidity_2] completed success
INFO [step calculate_turbidity_2] completed success
INFO [workflow process_2] starting step calculate_cyanobacteria_2
INFO [step calculate_cyanobacteria_2] start
INFO [job calculate_cyanobacteria_2] /tmp/k_diybbg$ docker \
    run \
    -i \
    --mount=type=bind,source=/tmp/k_diybbg,target=/rVjCmT \
    --mount=type=bind,source=/tmp/ud10juf6,target=/tmp \
    --mount=type=bind,source=/tmp/0efagb64/T29SPC_20190701T110621_B02_10m.jp2,target=/var/lib/cwl/stg2eb986a5-9ec5-4442-87e1-c666cbe167d9/T29SPC_20190701T110621_B02_10m.jp2,readonly \
    --mount=type=bind,source=/tmp/h2bm8ot_/T29SPC_20190701T110621_B03_10m.jp2,target=/var/lib/cwl/stg0caee87e-85c1-40cb-9f94-5d256d4b08f8/T29SPC_20190701T110621_B03_10m.jp2,readonly \
    --mount=type=bind,source=/tmp/4mrnjuna/T29SPC_20190701T110621_B04_10m.jp2,target=/var/lib/cwl/stg5e14cc8d-9293-4751-9909-b6b0ab67acc9/T29SPC_20190701T110621_B04_10m.jp2,readonly \
    --workdir=/rVjCmT \
    --read-only=true \
    --net=none \
    --user=1000:1000 \
    --rm \
    --cidfile=/tmp/hlww7bia/20240924113252-633086.cid \
    --env=TMPDIR=/tmp \
    --env=HOME=/rVjCmT \
    ogc-ospd/algae-usecase/calculate-band:1.1.0 \
    --co \
    TILED=YES \
    --overwrite \
    --type \
    Float32 \
    -A \
    /var/lib/cwl/stg2eb986a5-9ec5-4442-87e1-c666cbe167d9/T29SPC_20190701T110621_B02_10m.jp2 \
    -B \
    /var/lib/cwl/stg0caee87e-85c1-40cb-9f94-5d256d4b08f8/T29SPC_20190701T110621_B03_10m.jp2 \
    -C \
    /var/lib/cwl/stg5e14cc8d-9293-4751-9909-b6b0ab67acc9/T29SPC_20190701T110621_B04_10m.jp2 \
    --calc \
    '115530.31*(((B.astype(float)*C.astype(float))/A.astype(float))**2.38)' \
    --outfile \
    S2A_MSIL2A_20190701T110621_N0500_R137_T29SPC_20230604T023542_cyanobacteria.tiff
<string>:1: RuntimeWarning: invalid value encountered in divide
0.. 0.. 1.. 2.. 3.. 4.. 4.. 5.. 6.. 7.. 8.. 9.. 9.. 10.. 11.. 12.. 13.. 14.. 14.. 15.. 16.. 17.. 18.. 19.. 19.. 20.. 21.. 22.. 23.. 23.. 24.. 25.. 26.. 27.. 28.. 28.. 29.. 30.. 31.. 32.. 33.. 33.. 34.. 35.. 36.. 37.. 38.. 38.. 39.. 40.. 41.. 42.. 42.. 43.. 44.. 45.. 46.. 47.. 47.. 48.. 49.. 50.. 51.. 52.. 52.. 53.. 54.. 55.. 56.. 57.. 57.. 58.. 59.. 60.. 61.. 61.. 62.. 63.. 64.. 65.. 66.. 66.. 67.. 68.. 69.. 70.. 71.. 71.. 72.. 73.. 74.. 75.. 76.. 76.. 77.. 78.. 79.. 80.. 80.. 81.. 82.. 83.. 84.. 85.. 85.. 86.. 87.. 88.. 89.. 90.. 90.. 91.. 92.. 93.. 94.. 95.. 95.. 96.. 97.. 98.. 99.. 100 - Done
INFO [job calculate_cyanobacteria_2] Max memory used: 1079MiB
INFO [job calculate_cyanobacteria_2] completed success
INFO [step calculate_cyanobacteria_2] completed success
INFO [workflow process_2] starting step calculate_chlorophyll_a_2
INFO [step calculate_chlorophyll_a_2] start
INFO [job calculate_chlorophyll_a_2] /tmp/l5te9rhq$ docker \
    run \
    -i \
    --mount=type=bind,source=/tmp/l5te9rhq,target=/rVjCmT \
    --mount=type=bind,source=/tmp/goaobveh,target=/tmp \
    --mount=type=bind,source=/tmp/1t4pyqae/T29SPC_20190701T110621_B01_60m.jp2,target=/var/lib/cwl/stg4e3b7de2-da06-4e42-9df7-1deefd376a48/T29SPC_20190701T110621_B01_60m.jp2,readonly \
    --mount=type=bind,source=/tmp/lh886gkc/T29SPC_20190701T110621_B03_60m.jp2,target=/var/lib/cwl/stgdf544c17-a630-4417-9717-953a7693d993/T29SPC_20190701T110621_B03_60m.jp2,readonly \
    --workdir=/rVjCmT \
    --read-only=true \
    --net=none \
    --user=1000:1000 \
    --rm \
    --cidfile=/tmp/ikomog39/20240924113303-616565.cid \
    --env=TMPDIR=/tmp \
    --env=HOME=/rVjCmT \
    ogc-ospd/algae-usecase/calculate-band:1.1.0 \
    --co \
    TILED=YES \
    --overwrite \
    --type \
    Float32 \
    -A \
    /var/lib/cwl/stg4e3b7de2-da06-4e42-9df7-1deefd376a48/T29SPC_20190701T110621_B01_60m.jp2 \
    -C \
    /var/lib/cwl/stgdf544c17-a630-4417-9717-953a7693d993/T29SPC_20190701T110621_B03_60m.jp2 \
    --calc \
    '4.26*((C/A)**3.94)' \
    --outfile \
    S2A_MSIL2A_20190701T110621_N0500_R137_T29SPC_20230604T023542_chlorophyll_a.tiff
<string>:1: RuntimeWarning: invalid value encountered in divide
<string>:1: RuntimeWarning: divide by zero encountered in divide
0.. 1.. 2.. 3.. 4.. 5.. 6.. 7.. 8.. 9.. 10.. 11.. 12.. 13.. 14.. 15.. 16.. 17.. 18.. 19.. 20.. 21.. 22.. 23.. 24.. 25.. 26.. 27.. 28.. 29.. 30.. 31.. 32.. 33.. 34.. 35.. 36.. 37.. 38.. 39.. 40.. 41.. 42.. 43.. 44.. 45.. 46.. 47.. 48.. 49.. 50.. 51.. 52.. 53.. 54.. 55.. 56.. 57.. 58.. 59.. 60.. 61.. 62.. 63.. 64.. 65.. 66.. 67.. 68.. 69.. 70.. 71.. 72.. 73.. 74.. 75.. 76.. 77.. 78.. 79.. 80.. 81.. 82.. 83.. 84.. 85.. 86.. 87.. 88.. 89.. 90.. 91.. 92.. 93.. 94.. 95.. 96.. 97.. 98.. 99.. 100 - Done
INFO [job calculate_chlorophyll_a_2] Max memory used: 45MiB
INFO [job calculate_chlorophyll_a_2] completed success
INFO [step calculate_chlorophyll_a_2] completed success
INFO [workflow process_2] starting step plot_turbidity_2
INFO [step plot_turbidity_2] start
INFO [job plot_turbidity_2] /tmp/asg7ulkx$ docker \
    run \
    -i \
    --mount=type=bind,source=/tmp/asg7ulkx,target=/rVjCmT \
    --mount=type=bind,source=/tmp/h5kcglbu,target=/tmp \
    --mount=type=bind,source=/tmp/gvyeviiv/S2A_MSIL2A_20190701T110621_N0500_R137_T29SPC_20230604T023542_turbidity.tiff,target=/var/lib/cwl/stg6201b0a9-45e6-41d1-8719-6318f19cda09/S2A_MSIL2A_20190701T110621_N0500_R137_T29SPC_20230604T023542_turbidity.tiff,readonly \
    --workdir=/rVjCmT \
    --read-only=true \
    --net=none \
    --user=1000:1000 \
    --rm \
    --cidfile=/tmp/dk9nh_k8/20240924113305-466650.cid \
    --env=TMPDIR=/tmp \
    --env=HOME=/rVjCmT \
    ogc-ospd/algae-usecase/plot-image:1.0.0 \
    --color-scale \
    '[
  [0,  [ 73, 111, 242] ],
  [4,  [130, 211,  95] ],
  [8,  [254, 253,   5] ],
  [12, [253,   0,   4] ],
  [16, [142,  32,  38] ],
  [20, [217, 124, 245] ]
]
' \
    --input-image \
    /var/lib/cwl/stg6201b0a9-45e6-41d1-8719-6318f19cda09/S2A_MSIL2A_20190701T110621_N0500_R137_T29SPC_20230604T023542_turbidity.tiff \
    --output-name \
    S2A_MSIL2A_20190701T110621_N0500_R137_T29SPC_20230604T023542_turbidity_color \
    --plot-name \
    S2A_MSIL2A_20190701T110621_N0500_R137_T29SPC_20230604T023542_turbidity_plot \
    --plot-title \
    Turbidity
nodata value: 3.4028234663852886e+38
nodata count: 0
Data range: 0.21192646026611328 to inf
Clip values below minimum: None (except 'nodata')
Clip values above maximum: None (except 'nodata')
Normalized Color Scales: [
  [
    -0.0,
    [
      0.28627450980392155,
      0.43529411764705883,
      0.9490196078431372,
      1
    ]
  ],
  [
    0.0,
    [
      0.5098039215686274,
      0.8274509803921568,
      0.37254901960784315,
      1
    ]
  ],
  [
    0.0,
    [
      0.996078431372549,
      0.9921568627450981,
      0.0196078431372549,
      1
    ]
  ],
  [
    0.0,
    [
      0.9921568627450981,
      0.0,
      0.01568627450980392,
      1
    ]
  ],
  [
    0.0,
    [
      0.5568627450980392,
      0.12549019607843137,
      0.14901960784313725,
      1
    ]
  ],
  [
    0.0,
    [
      0.8509803921568627,
      0.48627450980392156,
      0.9607843137254902,
      1
    ]
  ],
  [
    0.0,
    [
      0,
      0,
      0,
      0
    ]
  ]
]
INFO [job plot_turbidity_2] Max memory used: 351MiB
INFO [job plot_turbidity_2] completed success
INFO [step plot_turbidity_2] completed success
INFO [workflow process_2] starting step plot_chlorophyll_a_2
INFO [step plot_chlorophyll_a_2] start
INFO [job plot_chlorophyll_a_2] /tmp/eyx2p7u0$ docker \
    run \
    -i \
    --mount=type=bind,source=/tmp/eyx2p7u0,target=/rVjCmT \
    --mount=type=bind,source=/tmp/otvvoizz,target=/tmp \
    --mount=type=bind,source=/tmp/l5te9rhq/S2A_MSIL2A_20190701T110621_N0500_R137_T29SPC_20230604T023542_chlorophyll_a.tiff,target=/var/lib/cwl/stgd7240275-448e-4baf-95a5-3dd2748bf028/S2A_MSIL2A_20190701T110621_N0500_R137_T29SPC_20230604T023542_chlorophyll_a.tiff,readonly \
    --workdir=/rVjCmT \
    --read-only=true \
    --net=none \
    --user=1000:1000 \
    --rm \
    --cidfile=/tmp/zty_w2m_/20240924113307-085181.cid \
    --env=TMPDIR=/tmp \
    --env=HOME=/rVjCmT \
    ogc-ospd/algae-usecase/plot-image:1.0.0 \
    --color-scale \
    '[
  [0,  [ 73, 111, 242] ],
  [6,  [130, 211,  95] ],
  [12, [254, 253,   5] ],
  [20, [253,   0,   4] ],
  [30, [142,  32,  38] ],
  [50, [217, 124, 245] ]
]
' \
    --input-image \
    /var/lib/cwl/stgd7240275-448e-4baf-95a5-3dd2748bf028/S2A_MSIL2A_20190701T110621_N0500_R137_T29SPC_20230604T023542_chlorophyll_a.tiff \
    --output-name \
    S2A_MSIL2A_20190701T110621_N0500_R137_T29SPC_20230604T023542_chlorophyll_a_color \
    --plot-name \
    S2A_MSIL2A_20190701T110621_N0500_R137_T29SPC_20230604T023542_chlorophyll_a_plot \
    --plot-title \
    'Chlorophyll a'
nodata value: 3.4028234663852886e+38
nodata count: 0
Data range: 1.2958577871322632 to inf
Clip values below minimum: None (except 'nodata')
Clip values above maximum: None (except 'nodata')
Normalized Color Scales: [
  [
    -0.0,
    [
      0.28627450980392155,
      0.43529411764705883,
      0.9490196078431372,
      1
    ]
  ],
  [
    0.0,
    [
      0.5098039215686274,
      0.8274509803921568,
      0.37254901960784315,
      1
    ]
  ],
  [
    0.0,
    [
      0.996078431372549,
      0.9921568627450981,
      0.0196078431372549,
      1
    ]
  ],
  [
    0.0,
    [
      0.9921568627450981,
      0.0,
      0.01568627450980392,
      1
    ]
  ],
  [
    0.0,
    [
      0.5568627450980392,
      0.12549019607843137,
      0.14901960784313725,
      1
    ]
  ],
  [
    0.0,
    [
      0.8509803921568627,
      0.48627450980392156,
      0.9607843137254902,
      1
    ]
  ],
  [
    0.0,
    [
      0,
      0,
      0,
      0
    ]
  ]
]
INFO [job plot_chlorophyll_a_2] Max memory used: 0MiB
INFO [job plot_chlorophyll_a_2] completed success
INFO [step plot_chlorophyll_a_2] completed success
INFO [workflow process_2] starting step plot_cyanobacteria_2
INFO [step plot_cyanobacteria_2] start
INFO [job plot_cyanobacteria_2] /tmp/19jcg6sg$ docker \
    run \
    -i \
    --mount=type=bind,source=/tmp/19jcg6sg,target=/rVjCmT \
    --mount=type=bind,source=/tmp/uj1z7nym,target=/tmp \
    --mount=type=bind,source=/tmp/k_diybbg/S2A_MSIL2A_20190701T110621_N0500_R137_T29SPC_20230604T023542_cyanobacteria.tiff,target=/var/lib/cwl/stgd3e8e64f-bb08-4560-ab5f-f94e6cd6c46d/S2A_MSIL2A_20190701T110621_N0500_R137_T29SPC_20230604T023542_cyanobacteria.tiff,readonly \
    --workdir=/rVjCmT \
    --read-only=true \
    --net=none \
    --user=1000:1000 \
    --rm \
    --cidfile=/tmp/x0htzh_q/20240924113308-436470.cid \
    --env=TMPDIR=/tmp \
    --env=HOME=/rVjCmT \
    ogc-ospd/algae-usecase/plot-image:1.0.0 \
    --clip-max \
    100000000000000 \
    --clip-min \
    1000000 \
    --color-scale \
    '[
  [1E6,  [ 18,  28,  60] ],
  [1E7,  [ 73, 111, 242] ],
  [1E8,  [130, 211,  95] ],
  [1E9,  [254, 253,   5] ],
  [1E10, [253,   0,   4] ],
  [1E11, [142,  32,  38] ],
  [1E12, [111, 63,  125] ],
  [1E13, [ 58,   6,   3] ],
  [1E14, [ 18,  28,  60] ]
]
' \
    --input-image \
    /var/lib/cwl/stgd3e8e64f-bb08-4560-ab5f-f94e6cd6c46d/S2A_MSIL2A_20190701T110621_N0500_R137_T29SPC_20230604T023542_cyanobacteria.tiff \
    --output-name \
    S2A_MSIL2A_20190701T110621_N0500_R137_T29SPC_20230604T023542_cyanobacteria_color \
    --plot-name \
    S2A_MSIL2A_20190701T110621_N0500_R137_T29SPC_20230604T023542_cyanobacteria_plot \
    --plot-title \
    Cyanobacteria
nodata value: 3.4028234663852886e+38
nodata count: 0
Data range: 1034628890624.0 to 7808942033862656.0
Clip values below minimum: 1000000.0 (except 'nodata')
Clip values above maximum: 100000000000000.0 (except 'nodata')
Normalized Color Scales: [
  [
    0.0,
    [
      0.07058823529411765,
      0.10980392156862745,
      0.23529411764705882,
      1
    ]
  ],
  [
    9.000000090000001e-08,
    [
      0.28627450980392155,
      0.43529411764705883,
      0.9490196078431372,
      1
    ]
  ],
  [
    9.900000099e-07,
    [
      0.5098039215686274,
      0.8274509803921568,
      0.37254901960784315,
      1
    ]
  ],
  [
    9.990000099900002e-06,
    [
      0.996078431372549,
      0.9921568627450981,
      0.0196078431372549,
      1
    ]
  ],
  [
    9.999000099990002e-05,
    [
      0.9921568627450981,
      0.0,
      0.01568627450980392,
      1
    ]
  ],
  [
    0.0009999900099999,
    [
      0.5568627450980392,
      0.12549019607843137,
      0.14901960784313725,
      1
    ]
  ],
  [
    0.009999990099999901,
    [
      0.43529411764705883,
      0.24705882352941178,
      0.49019607843137253,
      1
    ]
  ],
  [
    0.09999999099999991,
    [
      0.22745098039215686,
      0.023529411764705882,
      0.011764705882352941,
      1
    ]
  ],
  [
    1.0,
    [
      0.07058823529411765,
      0.10980392156862745,
      0.23529411764705882,
      1
    ]
  ],
  [
    3.4028235004135235e+24,
    [
      0,
      0,
      0,
      0
    ]
  ]
]
INFO [job plot_cyanobacteria_2] Max memory used: 12025MiB
INFO [job plot_cyanobacteria_2] completed success
INFO [step plot_cyanobacteria_2] completed success
INFO [workflow process_2] completed success
INFO [step process] completed success
INFO [workflow ] completed success
{
    "chlorophyll_a": [
        {
            "location": "file:///home/francis/dev/ogc/ogc-ospd/OSPD/algae_usecase/ogc_app_pkg/S2A_MSIL2A_20190701T110621_N0212_R137_T29SPC_20190701T120906_chlorophyll_a.tiff",
            "basename": "S2A_MSIL2A_20190701T110621_N0212_R137_T29SPC_20190701T120906_chlorophyll_a.tiff",
            "class": "File",
            "checksum": "sha1$305b64ed60abfc9435ca4087989718ecf42ad629",
            "size": 16778136,
            "format": "http://www.opengis.net/def/media-type/ogc/1.0/geotiff",
            "path": "/home/francis/dev/ogc/ogc-ospd/OSPD/algae_usecase/ogc_app_pkg/S2A_MSIL2A_20190701T110621_N0212_R137_T29SPC_20190701T120906_chlorophyll_a.tiff"
        },
        {
            "location": "file:///home/francis/dev/ogc/ogc-ospd/OSPD/algae_usecase/ogc_app_pkg/S2A_MSIL2A_20190701T110621_N0500_R137_T29SPC_20230604T023542_chlorophyll_a.tiff",
            "basename": "S2A_MSIL2A_20190701T110621_N0500_R137_T29SPC_20230604T023542_chlorophyll_a.tiff",
            "class": "File",
            "checksum": "sha1$e023e0fc38d90bff35ee2d7cd49d874496234c4c",
            "size": 16778136,
            "format": "http://www.opengis.net/def/media-type/ogc/1.0/geotiff",
            "path": "/home/francis/dev/ogc/ogc-ospd/OSPD/algae_usecase/ogc_app_pkg/S2A_MSIL2A_20190701T110621_N0500_R137_T29SPC_20230604T023542_chlorophyll_a.tiff"
        }
    ],
    "chlorophyll_a_color": [
        {
            "location": "file:///home/francis/dev/ogc/ogc-ospd/OSPD/algae_usecase/ogc_app_pkg/S2A_MSIL2A_20190701T110621_N0212_R137_T29SPC_20190701T120906_chlorophyll_a_color.tif",
            "basename": "S2A_MSIL2A_20190701T110621_N0212_R137_T29SPC_20190701T120906_chlorophyll_a_color.tif",
            "class": "File",
            "checksum": "sha1$335a2645c560d74f9ff14e652293d66ba2ce678e",
            "size": 13395806,
            "format": "http://www.opengis.net/def/media-type/ogc/1.0/geotiff",
            "path": "/home/francis/dev/ogc/ogc-ospd/OSPD/algae_usecase/ogc_app_pkg/S2A_MSIL2A_20190701T110621_N0212_R137_T29SPC_20190701T120906_chlorophyll_a_color.tif"
        },
        {
            "location": "file:///home/francis/dev/ogc/ogc-ospd/OSPD/algae_usecase/ogc_app_pkg/S2A_MSIL2A_20190701T110621_N0500_R137_T29SPC_20230604T023542_chlorophyll_a_color.tif",
            "basename": "S2A_MSIL2A_20190701T110621_N0500_R137_T29SPC_20230604T023542_chlorophyll_a_color.tif",
            "class": "File",
            "checksum": "sha1$e6006027bca29c0e9abb13482a5deea81527097b",
            "size": 13395806,
            "format": "http://www.opengis.net/def/media-type/ogc/1.0/geotiff",
            "path": "/home/francis/dev/ogc/ogc-ospd/OSPD/algae_usecase/ogc_app_pkg/S2A_MSIL2A_20190701T110621_N0500_R137_T29SPC_20230604T023542_chlorophyll_a_color.tif"
        }
    ],
    "chlorophyll_a_plot": [
        {
            "location": "file:///home/francis/dev/ogc/ogc-ospd/OSPD/algae_usecase/ogc_app_pkg/S2A_MSIL2A_20190701T110621_N0212_R137_T29SPC_20190701T120906_chlorophyll_a_plot.png",
            "basename": "S2A_MSIL2A_20190701T110621_N0212_R137_T29SPC_20190701T120906_chlorophyll_a_plot.png",
            "class": "File",
            "checksum": "sha1$699f8f5b6f1c7f1fe1a9d9d4dbcf828096208955",
            "size": 939454,
            "format": "https://www.iana.org/assignments/media-types/image/png",
            "path": "/home/francis/dev/ogc/ogc-ospd/OSPD/algae_usecase/ogc_app_pkg/S2A_MSIL2A_20190701T110621_N0212_R137_T29SPC_20190701T120906_chlorophyll_a_plot.png"
        },
        {
            "location": "file:///home/francis/dev/ogc/ogc-ospd/OSPD/algae_usecase/ogc_app_pkg/S2A_MSIL2A_20190701T110621_N0500_R137_T29SPC_20230604T023542_chlorophyll_a_plot.png",
            "basename": "S2A_MSIL2A_20190701T110621_N0500_R137_T29SPC_20230604T023542_chlorophyll_a_plot.png",
            "class": "File",
            "checksum": "sha1$49a41dea4e6d3bbd59bf9da9dd83e99036903f70",
            "size": 794042,
            "format": "https://www.iana.org/assignments/media-types/image/png",
            "path": "/home/francis/dev/ogc/ogc-ospd/OSPD/algae_usecase/ogc_app_pkg/S2A_MSIL2A_20190701T110621_N0500_R137_T29SPC_20230604T023542_chlorophyll_a_plot.png"
        }
    ],
    "cyanobacteria": [
        {
            "location": "file:///home/francis/dev/ogc/ogc-ospd/OSPD/algae_usecase/ogc_app_pkg/S2A_MSIL2A_20190701T110621_N0212_R137_T29SPC_20190701T120906_cyanobacteria.tiff",
            "basename": "S2A_MSIL2A_20190701T110621_N0212_R137_T29SPC_20190701T120906_cyanobacteria.tiff",
            "class": "File",
            "checksum": "sha1$fda0c629088849af36b5f7340557a21f34f741e1",
            "size": 484719456,
            "format": "http://www.opengis.net/def/media-type/ogc/1.0/geotiff",
            "path": "/home/francis/dev/ogc/ogc-ospd/OSPD/algae_usecase/ogc_app_pkg/S2A_MSIL2A_20190701T110621_N0212_R137_T29SPC_20190701T120906_cyanobacteria.tiff"
        },
        {
            "location": "file:///home/francis/dev/ogc/ogc-ospd/OSPD/algae_usecase/ogc_app_pkg/S2A_MSIL2A_20190701T110621_N0500_R137_T29SPC_20230604T023542_cyanobacteria.tiff",
            "basename": "S2A_MSIL2A_20190701T110621_N0500_R137_T29SPC_20230604T023542_cyanobacteria.tiff",
            "class": "File",
            "checksum": "sha1$55fefc59147fa2610bc11940482d329dfda91031",
            "size": 484719456,
            "format": "http://www.opengis.net/def/media-type/ogc/1.0/geotiff",
            "path": "/home/francis/dev/ogc/ogc-ospd/OSPD/algae_usecase/ogc_app_pkg/S2A_MSIL2A_20190701T110621_N0500_R137_T29SPC_20230604T023542_cyanobacteria.tiff"
        }
    ],
    "cyanobacteria_color": [
        {
            "location": "file:///home/francis/dev/ogc/ogc-ospd/OSPD/algae_usecase/ogc_app_pkg/S2A_MSIL2A_20190701T110621_N0212_R137_T29SPC_20190701T120906_cyanobacteria_color.tif",
            "basename": "S2A_MSIL2A_20190701T110621_N0212_R137_T29SPC_20190701T120906_cyanobacteria_color.tif",
            "class": "File",
            "checksum": "sha1$399c17fde9dc7447e8f5204fadb54df7b5b48a43",
            "size": 482241806,
            "format": "http://www.opengis.net/def/media-type/ogc/1.0/geotiff",
            "path": "/home/francis/dev/ogc/ogc-ospd/OSPD/algae_usecase/ogc_app_pkg/S2A_MSIL2A_20190701T110621_N0212_R137_T29SPC_20190701T120906_cyanobacteria_color.tif"
        },
        {
            "location": "file:///home/francis/dev/ogc/ogc-ospd/OSPD/algae_usecase/ogc_app_pkg/S2A_MSIL2A_20190701T110621_N0500_R137_T29SPC_20230604T023542_cyanobacteria_color.tif",
            "basename": "S2A_MSIL2A_20190701T110621_N0500_R137_T29SPC_20230604T023542_cyanobacteria_color.tif",
            "class": "File",
            "checksum": "sha1$b42b9a24d33c0b4d0dd3f9942c1c30b83eef37c1",
            "size": 482241806,
            "format": "http://www.opengis.net/def/media-type/ogc/1.0/geotiff",
            "path": "/home/francis/dev/ogc/ogc-ospd/OSPD/algae_usecase/ogc_app_pkg/S2A_MSIL2A_20190701T110621_N0500_R137_T29SPC_20230604T023542_cyanobacteria_color.tif"
        }
    ],
    "cyanobacteria_plot": [
        {
            "location": "file:///home/francis/dev/ogc/ogc-ospd/OSPD/algae_usecase/ogc_app_pkg/S2A_MSIL2A_20190701T110621_N0212_R137_T29SPC_20190701T120906_cyanobacteria_plot.png",
            "basename": "S2A_MSIL2A_20190701T110621_N0212_R137_T29SPC_20190701T120906_cyanobacteria_plot.png",
            "class": "File",
            "checksum": "sha1$0617d819fceba68e79c9e7c139782ca10697d048",
            "size": 702326,
            "format": "https://www.iana.org/assignments/media-types/image/png",
            "path": "/home/francis/dev/ogc/ogc-ospd/OSPD/algae_usecase/ogc_app_pkg/S2A_MSIL2A_20190701T110621_N0212_R137_T29SPC_20190701T120906_cyanobacteria_plot.png"
        },
        {
            "location": "file:///home/francis/dev/ogc/ogc-ospd/OSPD/algae_usecase/ogc_app_pkg/S2A_MSIL2A_20190701T110621_N0500_R137_T29SPC_20230604T023542_cyanobacteria_plot.png",
            "basename": "S2A_MSIL2A_20190701T110621_N0500_R137_T29SPC_20230604T023542_cyanobacteria_plot.png",
            "class": "File",
            "checksum": "sha1$7135dc7d61a238001681e4dab5674a0bfa0db69d",
            "size": 502453,
            "format": "https://www.iana.org/assignments/media-types/image/png",
            "path": "/home/francis/dev/ogc/ogc-ospd/OSPD/algae_usecase/ogc_app_pkg/S2A_MSIL2A_20190701T110621_N0500_R137_T29SPC_20230604T023542_cyanobacteria_plot.png"
        }
    ],
    "turbidity": [
        {
            "location": "file:///home/francis/dev/ogc/ogc-ospd/OSPD/algae_usecase/ogc_app_pkg/S2A_MSIL2A_20190701T110621_N0212_R137_T29SPC_20190701T120906_turbidity.tiff",
            "basename": "S2A_MSIL2A_20190701T110621_N0212_R137_T29SPC_20190701T120906_turbidity.tiff",
            "class": "File",
            "checksum": "sha1$684c11c755998d48d7747144cf0aad203d8eda01",
            "size": 16778136,
            "format": "http://www.opengis.net/def/media-type/ogc/1.0/geotiff",
            "path": "/home/francis/dev/ogc/ogc-ospd/OSPD/algae_usecase/ogc_app_pkg/S2A_MSIL2A_20190701T110621_N0212_R137_T29SPC_20190701T120906_turbidity.tiff"
        },
        {
            "location": "file:///home/francis/dev/ogc/ogc-ospd/OSPD/algae_usecase/ogc_app_pkg/S2A_MSIL2A_20190701T110621_N0500_R137_T29SPC_20230604T023542_turbidity.tiff",
            "basename": "S2A_MSIL2A_20190701T110621_N0500_R137_T29SPC_20230604T023542_turbidity.tiff",
            "class": "File",
            "checksum": "sha1$3998d293038d23cf4db5538a86496505208e86f1",
            "size": 16778136,
            "format": "http://www.opengis.net/def/media-type/ogc/1.0/geotiff",
            "path": "/home/francis/dev/ogc/ogc-ospd/OSPD/algae_usecase/ogc_app_pkg/S2A_MSIL2A_20190701T110621_N0500_R137_T29SPC_20230604T023542_turbidity.tiff"
        }
    ],
    "turbidity_color": [
        {
            "location": "file:///home/francis/dev/ogc/ogc-ospd/OSPD/algae_usecase/ogc_app_pkg/S2A_MSIL2A_20190701T110621_N0212_R137_T29SPC_20190701T120906_turbidity_color.tif",
            "basename": "S2A_MSIL2A_20190701T110621_N0212_R137_T29SPC_20190701T120906_turbidity_color.tif",
            "class": "File",
            "checksum": "sha1$ddf487246a0237e185e67f6572a338918276b5fe",
            "size": 13395806,
            "format": "http://www.opengis.net/def/media-type/ogc/1.0/geotiff",
            "path": "/home/francis/dev/ogc/ogc-ospd/OSPD/algae_usecase/ogc_app_pkg/S2A_MSIL2A_20190701T110621_N0212_R137_T29SPC_20190701T120906_turbidity_color.tif"
        },
        {
            "location": "file:///home/francis/dev/ogc/ogc-ospd/OSPD/algae_usecase/ogc_app_pkg/S2A_MSIL2A_20190701T110621_N0500_R137_T29SPC_20230604T023542_turbidity_color.tif",
            "basename": "S2A_MSIL2A_20190701T110621_N0500_R137_T29SPC_20230604T023542_turbidity_color.tif",
            "class": "File",
            "checksum": "sha1$823dc9c0e24073601b98c7ac80d545355715c6f5",
            "size": 13395806,
            "format": "http://www.opengis.net/def/media-type/ogc/1.0/geotiff",
            "path": "/home/francis/dev/ogc/ogc-ospd/OSPD/algae_usecase/ogc_app_pkg/S2A_MSIL2A_20190701T110621_N0500_R137_T29SPC_20230604T023542_turbidity_color.tif"
        }
    ],
    "turbidity_plot": [
        {
            "location": "file:///home/francis/dev/ogc/ogc-ospd/OSPD/algae_usecase/ogc_app_pkg/S2A_MSIL2A_20190701T110621_N0212_R137_T29SPC_20190701T120906_turbidity_plot.png",
            "basename": "S2A_MSIL2A_20190701T110621_N0212_R137_T29SPC_20190701T120906_turbidity_plot.png",
            "class": "File",
            "checksum": "sha1$be75281b1944f0458da49350a152881fd4af886c",
            "size": 679574,
            "format": "https://www.iana.org/assignments/media-types/image/png",
            "path": "/home/francis/dev/ogc/ogc-ospd/OSPD/algae_usecase/ogc_app_pkg/S2A_MSIL2A_20190701T110621_N0212_R137_T29SPC_20190701T120906_turbidity_plot.png"
        },
        {
            "location": "file:///home/francis/dev/ogc/ogc-ospd/OSPD/algae_usecase/ogc_app_pkg/S2A_MSIL2A_20190701T110621_N0500_R137_T29SPC_20230604T023542_turbidity_plot.png",
            "basename": "S2A_MSIL2A_20190701T110621_N0500_R137_T29SPC_20230604T023542_turbidity_plot.png",
            "class": "File",
            "checksum": "sha1$2ce98f77870abba1399d50e55a21d2b20fa87ef0",
            "size": 361745,
            "format": "https://www.iana.org/assignments/media-types/image/png",
            "path": "/home/francis/dev/ogc/ogc-ospd/OSPD/algae_usecase/ogc_app_pkg/S2A_MSIL2A_20190701T110621_N0500_R137_T29SPC_20230604T023542_turbidity_plot.png"
        }
    ]
}INFO Final process status is success
